akamaidlp55.deloitteresources.com. 900 IN CNAME	dlp55.deloitteresources.com.edgekey.net.
akamaidlp55stg.deloitteresources.com. 900 IN CNAME dlp55stg.deloitteresources.com.edgekey.net.
akamaidpn.deloitteresources.com. 900 IN	CNAME	dpn.deloitteresources.com.edgekey.net.
akapoc.deloitteresources.com. 3600 IN	CNAME	wildcard.deloitteresources.com.edgekey.net.
ame1.deloitteonline.com. 900	IN	CNAME	ame1.deloitteonline.com.edgekey.net.
ame2.deloitteonline.com. 900	IN	CNAME	ame2.deloitteonline.com.edgekey.net.
americas.internal.deloitteonline.com. 3600 IN CNAME san1.deloitte.edgekey.net.
ampmstage.deloitte.com.	3600	IN	CNAME	wildcard.deloitte.com.edgekey.net.
ampmtrain.deloitte.com.	900	IN	CNAME	wildcard.deloitte.com.edgekey.net.
analytics-blog.deloitte.com. 3600 IN	CNAME	wildcard.deloitte.com.edgekey.net.
apa.deloitteonline.com.	900	IN	CNAME	apa.deloitteonline.com.edgekey.net.
apac.internal.deloitteonline.com. 3600 IN CNAME	san1.deloitte.edgekey.net.
appcenterfiles.deloitteresources.com. 300 IN CNAME appcenterfiles.deloitteresources.com.edgekey.net.
assetshare.deloitte.com. 3600	IN	CNAME	wildcard.deloitte.com.edgekey.net.
assetshare-dev.deloitte.com. 3600 IN	CNAME	wildcard.deloitte.com.edgekey.net.
assetshare-qa.deloitte.com. 3600 IN	CNAME	wildcard.deloitte.com.edgekey.net.
assetshare-stage.deloitte.com. 3600 IN	CNAME	wildcard.deloitte.com.edgekey.net.
audit16.eu.deloitteonline.com. 1800 IN	CNAME	san5.deloitte.edgekey.net.
author.deloitte.com.	3600	IN	CNAME	author.deloitte.com.edgekey.net.
authordev.deloitte.com.	3600	IN	CNAME	wildcard.deloitte.com.edgekey.net.
authormig.deloitte.com.	3600	IN	CNAME	wildcard.deloitte.com.edgekey.net.
authorqa.deloitte.com.	900	IN	CNAME	authorqa.deloitte.com.edgekey.net.
authorstage.deloitte.com. 900	IN	CNAME	authorstage.deloitte.com.edgekey.net.
avocats.deloitte.com.	3600	IN	CNAME	wildcard.deloitte.com.edgekey.net.
bdtlfiles.deloitte.com.	3600	IN	CNAME	bdtlfiles.deloitte.com.edgekey.net.
blog.deloitte.co.nz.	3600	IN	CNAME	san5.deloitte.edgekey.net.
blogs.deloitte.com.	3600	IN	CNAME	wildcard.deloitte.com.edgekey.net.
capitalhblog.deloitte.com. 900	IN	CNAME	wildcard.deloitte.com.edgekey.net.
careers.deloitte.com.	3600	IN	CNAME	wildcard.deloitte.com.edgekey.net.
cdn.deloitte.com.	3600	IN	CNAME	wildcard.deloitte.com.edgekey.net.
cmo.deloitte.com.	3600	IN	CNAME	wildcard.deloitte.com.edgekey.net.
cmoiqa.deloitte.com.	3600	IN	CNAME	wildcard.deloitte.com.edgekey.net.
cmoqa.deloitte.com.	900	IN	CNAME	wildcard.deloitte.com.edgekey.net.
cmostage.deloitte.com.	900	IN	CNAME	wildcard.deloitte.com.edgekey.net.
consulting16.eu.deloitteonline.com. 1800 IN CNAME san5.deloitte.edgekey.net.
content0.deloitteresources.com.	3600 IN	CNAME	content0.deloitteresources.com.edgekey.net.
content2.deloitteresources.com.	3600 IN	CNAME	content2.deloitteresources.com.edgekey.net.
corpgov.deloitte.com.	3600	IN	CNAME	wildcard.deloitte.com.edgekey.net.
corpgov.deloitte.in.	7200	IN	CNAME	san3.deloitte.edgekey.net.
cs.tax.deloitteonline.com. 3600	IN	CNAME	san2.deloitte.edgekey.net.
dccs.deloitteresources.com. 3600 IN	CNAME	dccs.deloitteresources.com.edgekey.net.
dep.deloitteresources.com. 3600	IN	CNAME	app0714-prd-dep-trafficmanager.trafficmanager.net.
desc.deloitteresources.com. 900	IN	CNAME	desc.deloitteresources.com.edgekey.net.
descadmin.deloitteresources.com. 3600 IN CNAME	descadmin.deloitteresources.com.edgekey.net.
digital-oil-and-gas.deloitte.com. 3600 IN CNAME	wildcard.deloitte.com.edgekey.net.
dlp.deloitteresources.com. 900	IN	CNAME	dlp.deloitteresources.com.edgekey.net.
dlpdelc.deloitteresources.com. 900 IN	CNAME	dlpdelc.deloitteresources.com.edgekey.net.
drms.deloitteresources.com. 3600 IN	CNAME	drms.deloitteresources.com.edgekey.net.
dti.tax.deloitteonline.com. 3600 IN	CNAME	san2.deloitte.edgekey.net.
dti2.tax.deloitteonline.com. 3600 IN	CNAME	san2.deloitte.edgekey.net.
dtitiles.tax.deloitteonline.com. 3600 IN CNAME	san2.deloitte.edgekey.net.
dupress.deloitte.com.	3600	IN	CNAME	wildcard.deloitte.com.edgekey.net.
dupressqa.deloitte.com.	900	IN	CNAME	wildcard.deloitte.com.edgekey.net.
dupressstage.deloitte.com. 900	IN	CNAME	wildcard.deloitte.com.edgekey.net.
ema.deloitteonline.com.	900	IN	CNAME	ema.deloitteonline.com.edgekey.net.
emea.internal.deloitteonline.com. 3600 IN CNAME	san1.deloitte.edgekey.net.
er0.deloitteonline.com.	900	IN	CNAME	er0.deloitteonline.com.edgekey.net.
er1.deloitteonline.com.	900	IN	CNAME	er1.deloitteonline.com.edgekey.net.
er10.deloitteonline.com. 900	IN	CNAME	er10.deloitteonline.com.edgekey.net.
er11.deloitteonline.com. 900	IN	CNAME	er11.deloitteonline.com.edgekey.net.
er12.deloitteonline.com. 900	IN	CNAME	er12.deloitteonline.com.edgekey.net.
er13.deloitteonline.com. 900	IN	CNAME	er13.deloitteonline.com.edgekey.net.
er14.deloitteonline.com. 900	IN	CNAME	er14.deloitteonline.com.edgekey.net.
er15.deloitteonline.com. 900	IN	CNAME	er15.deloitteonline.com.edgekey.net.
er16.deloitteonline.com. 900	IN	CNAME	er16.deloitteonline.com.edgekey.net.
er17.deloitteonline.com. 900	IN	CNAME	er17.deloitteonline.com.edgekey.net.
er18.deloitteonline.com. 900	IN	CNAME	er18.deloitteonline.com.edgekey.net.
er19.deloitteonline.com. 900	IN	CNAME	er19.deloitteonline.com.edgekey.net.
er2.deloitteonline.com.	900	IN	CNAME	er2.deloitteonline.com.edgekey.net.
er20.deloitteonline.com. 900	IN	CNAME	er20.deloitteonline.com.edgekey.net.
er21.deloitteonline.com. 900	IN	CNAME	er21.deloitteonline.com.edgekey.net.
er22.deloitteonline.com. 900	IN	CNAME	er22.deloitteonline.com.edgekey.net.
er23.deloitteonline.com. 900	IN	CNAME	er23.deloitteonline.com.edgekey.net.
er24.deloitteonline.com. 900	IN	CNAME	er24.deloitteonline.com.edgekey.net.
er25.deloitteonline.com. 900	IN	CNAME	er25.deloitteonline.com.edgekey.net.
er26.deloitteonline.com. 900	IN	CNAME	er26.deloitteonline.com.edgekey.net.
er27.deloitteonline.com. 900	IN	CNAME	er27.deloitteonline.com.edgekey.net.
er28.deloitteonline.com. 900	IN	CNAME	er28.deloitteonline.com.edgekey.net.
er29.deloitteonline.com. 900	IN	CNAME	er29.deloitteonline.com.edgekey.net.
er3.deloitteonline.com.	900	IN	CNAME	er3.deloitteonline.com.edgekey.net.
er30.deloitteonline.com. 900	IN	CNAME	er30.deloitteonline.com.edgekey.net.
er31.deloitteonline.com. 900	IN	CNAME	er31.deloitteonline.com.edgekey.net.
er32.deloitteonline.com. 900	IN	CNAME	er32.deloitteonline.com.edgekey.net.
er33.deloitteonline.com. 900	IN	CNAME	er33.deloitteonline.com.edgekey.net.
er34.deloitteonline.com. 900	IN	CNAME	er34.deloitteonline.com.edgekey.net.
er35.deloitteonline.com. 900	IN	CNAME	er35.deloitteonline.com.edgekey.net.
er36.deloitteonline.com. 900	IN	CNAME	er36.deloitteonline.com.edgekey.net.
er37.deloitteonline.com. 900	IN	CNAME	er37.deloitteonline.com.edgekey.net.
er38.deloitteonline.com. 900	IN	CNAME	er38.deloitteonline.com.edgekey.net.
er39.deloitteonline.com. 900	IN	CNAME	er39.deloitteonline.com.edgekey.net.
er4.deloitteonline.com.	900	IN	CNAME	er4.deloitteonline.com.edgekey.net.
er40.deloitteonline.com. 900	IN	CNAME	er40.deloitteonline.com.edgekey.net.
er41.deloitteonline.com. 3600	IN	CNAME	er41.deloitteonline.com.edgekey.net.
er42.deloitteonline.com. 3600	IN	CNAME	er42.deloitteonline.com.edgekey.net.
er43.deloitteonline.com. 3600	IN	CNAME	er43.deloitteonline.com.edgekey.net.
er44.deloitteonline.com. 3600	IN	CNAME	er44.deloitteonline.com.edgekey.net.
er45.deloitteonline.com. 3600	IN	CNAME	er45.deloitteonline.com.edgekey.net.
er46.deloitteonline.com. 3600	IN	CNAME	er46.deloitteonline.com.edgekey.net.
er47.deloitteonline.com. 3600	IN	CNAME	er47.deloitteonline.com.edgekey.net.
er48.deloitteonline.com. 3600	IN	CNAME	er48.deloitteonline.com.edgekey.net.
er49.deloitteonline.com. 3600	IN	CNAME	er49.deloitteonline.com.edgekey.net.
er5.deloitteonline.com.	900	IN	CNAME	er5.deloitteonline.com.edgekey.net.
er50.deloitteonline.com. 3600	IN	CNAME	er50.deloitteonline.com.edgekey.net.
er51.deloitteonline.com. 3600	IN	CNAME	er51.deloitteonline.com.edgekey.net.
er52.deloitteonline.com. 3600	IN	CNAME	er52.deloitteonline.com.edgekey.net.
er53.deloitteonline.com. 3600	IN	CNAME	er53.deloitteonline.com.edgekey.net.
er54.deloitteonline.com. 3600	IN	CNAME	er54.deloitteonline.com.edgekey.net.
er55.deloitteonline.com. 3600	IN	CNAME	er55.deloitteonline.com.edgekey.net.
er56.deloitteonline.com. 3600	IN	CNAME	er56.deloitteonline.com.edgekey.net.
er57.deloitteonline.com. 3600	IN	CNAME	er57.deloitteonline.com.edgekey.net.
er58.deloitteonline.com. 900	IN	CNAME	er58.deloitteonline.com.edgekey.net.
er59.deloitteonline.com. 900	IN	CNAME	er59.deloitteonline.com.edgekey.net.
er6.deloitteonline.com.	900	IN	CNAME	er6.deloitteonline.com.edgekey.net.
er60.deloitteonline.com. 900	IN	CNAME	er60.deloitteonline.com.edgekey.net.
er61.deloitteonline.com. 900	IN	CNAME	er61.deloitteonline.com.edgekey.net.
er62.deloitteonline.com. 900	IN	CNAME	er62.deloitteonline.com.edgekey.net.
er63.deloitteonline.com. 900	IN	CNAME	er63.deloitteonline.com.edgekey.net.
er64.deloitteonline.com. 900	IN	CNAME	er64.deloitteonline.com.edgekey.net.
er65.deloitteonline.com. 3600	IN	CNAME	er65.deloitteonline.com.edgekey.net.
er66.deloitteonline.com. 3600	IN	CNAME	er66.deloitteonline.com.edgekey.net.
er67.deloitteonline.com. 3600	IN	CNAME	er67.deloitteonline.com.edgekey.net.
er68.deloitteonline.com. 3600	IN	CNAME	er68.deloitteonline.com.edgekey.net.
er7.deloitteonline.com.	900	IN	CNAME	er7.deloitteonline.com.edgekey.net.
er8.deloitteonline.com.	900	IN	CNAME	er8.deloitteonline.com.edgekey.net.
er9.deloitteonline.com.	900	IN	CNAME	er9.deloitteonline.com.edgekey.net.
erdc.deloitte.com.	3600	IN	CNAME	wildcard.deloitte.com.edgekey.net.
erdc.deloittedigital.com. 7200	IN	CNAME	san3.deloitte.edgekey.net.
eu.deloittedigital.com.	3600	IN	CNAME	san3.deloitte.edgekey.net.
eu3p1.deloitteresources.com. 3599 IN	CNAME	wildcard.deloitteresources.com.edgekey.net.
exploreap.deloitte.com.	3600	IN	CNAME	wildcard.deloitte.com.edgekey.net.
fa.eu.deloitteonline.com. 900	IN	CNAME	san5.deloitte.edgekey.net.
fa16.eu.deloitteonline.com. 900	IN	CNAME	san5.deloitte.edgekey.net.
ges.tax.deloitteonline.com. 900	IN	CNAME	san2.deloitte.edgekey.net.
ges2.tax.deloitteonline.com. 3600 IN	CNAME	san2.deloitte.edgekey.net.
gims-uat.deloitte.com.	3600	IN	CNAME	d30s9gy85faqdx.cloudfront.net.
gims-uat-akamai.deloitte.com. 3600 IN	CNAME	gims-uat-akamai.deloitte.com.edgekey.net.
globalblogs.deloitte.com. 3600	IN	CNAME	wildcard.deloitte.com.edgekey.net.
government-2020.dupress.com. 1800 IN	CNAME	san3.deloitte.edgekey.net.
gsswebtest.deloitteresources.com. 3600 IN CNAME	wildcard.deloitteresources.com.edgekey.net.
home16.eu.deloitteonline.com. 900 IN	CNAME	san5.deloitte.edgekey.net.
ifa.deloitteresources.com. 3600	IN	CNAME	app0734-prd-ifa-trafficmanager.trafficmanager.net.
innovation-in-manufacturing.deloitte.com. 3600 IN CNAME	wildcard.deloitte.com.edgekey.net.
internal16.eu.deloitteonline.com. 900 IN CNAME	san5.deloitte.edgekey.net.
legacydesc.deloitteresources.com. 900 IN CNAME	legacydesc.deloitteresources.com.edgekey.net.
mfg-innovation.deloitte.com. 3600 IN	CNAME	wildcard.deloitte.com.edgekey.net.
migration.deloitte.com.	3600	IN	CNAME	wildcard.deloitte.com.edgekey.net.
mycareer.deloitte.com.	3600	IN	CNAME	wildcard.deloitte.com.edgekey.net.
mydev.deloitte.com.	3600	IN	CNAME	wildcard.deloitte.com.edgekey.net.
myinsight2.tax.deloitteonline.com. 3600	IN CNAME san2.deloitte.edgekey.net.
na.stage.dsf.deloitte.com. 3600	IN	CNAME	dsfstgna-a8hndpbpc0fceygj.z01.azurefd.net.
oimbobjqa40.deloitteresources.com. 3600	IN CNAME oimbobjqa40.deloitteresources.com.edgekey.net.
people.deloitteresources.com. 3600 IN	CNAME	dpn.deloitteresources.com.edgekey.net.
plpapi.deloitteresources.com. 3600 IN	CNAME	plpapi.deloitteresources.com.edgekey.net.
plpproxy.deloitteresources.com.	3600 IN	CNAME	plpproxy.deloitteresources.com.edgekey.net.
plpui.deloitteresources.com. 3600 IN	CNAME	plpui.deloitteresources.com.edgekey.net.
processxray.deloitte.com. 3600	IN	CNAME	wildcard.deloitte.com.edgekey.net.
profilephoto.deloitteresources.com. 3600 IN CNAME dpn.deloitteresources.com.edgekey.net.
ra.eu.deloitteonline.com. 900	IN	CNAME	san5.deloitte.edgekey.net.
ra16.eu.deloitteonline.com. 900	IN	CNAME	san5.deloitte.edgekey.net.
rdwblock.deloitte.com.	3600	IN	CNAME	rdwblock.deloitte.com.edgekey.net.
regminer.deloitte.com.	3600	IN	CNAME	wildcard.deloitte.com.edgekey.net.
resumes.deloitteresources.com. 3600 IN	CNAME	dpn.deloitteresources.com.edgekey.net.
rmss.deloitteresources.com. 900	IN	CNAME	wildcard.deloitteresources.com.edgekey.net.
rpm.deloitteresources.com. 3600	IN	CNAME	wildcard.deloitteresources.com.edgekey.net.
rpmcoach.deloitteresources.com.	3600 IN	CNAME	wildcard.deloitteresources.com.edgekey.net.
rpmstage.deloitteresources.com.	3600 IN	CNAME	wildcard.deloitteresources.com.edgekey.net.
rpmtrain.deloitteresources.com.	3600 IN	CNAME	wildcard.deloitteresources.com.edgekey.net.
sabacloud.deloitteresources.com. 3600 IN CNAME	wildcard.deloitteresources.com.edgekey.net.
sabacloud-api.deloitteresources.com. 3600 IN CNAME wildcard.deloitteresources.com.edgekey.net.
sabacloudio.deloitteresources.com. 3600	IN CNAME wildcard.deloitteresources.com.edgekey.net.
sancertificate.deloittedigital.com. 900	IN CNAME san3.deloitte.edgekey.net.
sdtlfiles.deloitteresources.com. 3600 IN CNAME	sdtlfiles.deloitteresources.com.edgekey.net.
search.deloitteresources.com. 900 IN	CNAME	wildcard.deloitteresources.com.edgekey.net.
smartcity.deloitte.com.	600	IN	CNAME	wildcard.deloitte.com.edgekey.net.
sr-akamai-dc-pointer-adc.deloitteresources.com.	900 IN CNAME wildcard.deloitteresources.com.edgekey.net.
sr-akamai-dc-pointer-hdc.deloitteresources.com.	900 IN CNAME wildcard.deloitteresources.com.edgekey.net.
sr-akamai-dc-pointer-ldk.deloitteresources.com.	900 IN CNAME wildcard.deloitteresources.com.edgekey.net.
sr-akamai-dc-pointer-lpr.deloitteresources.com.	900 IN CNAME wildcard.deloitteresources.com.edgekey.net.
staffitgw.deloitteresources.com. 3600 IN CNAME	wildcard.deloitteresources.com.edgekey.net.
staffitnw.deloitteresources.com. 3600 IN CNAME	wildcard.deloitteresources.com.edgekey.net.
staffits4.deloitteresources.com. 3600 IN CNAME	wildcard.deloitteresources.com.edgekey.net.
stage.csf.cyber.deloitte.com. 900 IN	CNAME	san2.deloitte.com.edgekey.net.
stageakamaiplp.deloitteresources.com. 3600 IN CNAME stageakamaiplp.deloitteresources.com.edgekey.net.
stageamericas.internal.deloitteonline.com. 3600	IN CNAME san1.deloitte.edgekey.net.
stageapac.internal.deloitteonline.com. 3600 IN CNAME san1.deloitte.edgekey.net.
stagecdn.deloitte.com.	3600	IN	CNAME	wildcard.deloitte.com.edgekey.net.
stagecfolens.deloitte.com. 3600	IN	CNAME	stagecfolens.deloitte.com.00dj0000001njvkeam.live.siteforce.com.
stagecs.tax.deloitteonline.com.	3600 IN	CNAME	san2.deloitte.edgekey.net.
stagedtitiles.tax.deloitteonline.com. 3600 IN CNAME san2.deloitte.edgekey.net.
stageemea.internal.deloitteonline.com. 3600 IN CNAME san1.deloitte.edgekey.net.
stageges.tax.deloitteonline.com. 900 IN	CNAME	san2.deloitte.edgekey.net.
stageges2.tax.deloitteonline.com. 900 IN CNAME	san2.deloitte.edgekey.net.
stageinsight.tax.deloitteonline.com. 900 IN CNAME san2.deloitte.edgekey.net.
stageinsight2.tax.deloitteonline.com. 3600 IN CNAME san2.deloitte.edgekey.net.
stageismart2.deloitte.com. 3600	IN	CNAME	wildcard.deloitte.com.edgekey.net.
stagemyinsight.tax.deloitteonline.com. 60 IN CNAME stagemyinsight.azurefd.net.
stagermss.deloitteresources.com. 900 IN	CNAME	wildcard.deloitteresources.com.edgekey.net.
stageta.tax.deloitteonline.com.	3600 IN	CNAME	san2.deloitte.edgekey.net.
stageteam.tax.deloitteonline.com. 3600 IN CNAME	san2.deloitte.edgekey.net.
static-sabacloud.deloitteresources.com.	3600 IN	CNAME wildcard.deloitteresources.com.edgekey.net.
ta.tax.deloitteonline.com. 3600	IN	CNAME	san2.deloitte.edgekey.net.
tax16.eu.deloitteonline.com. 900 IN	CNAME	san5.deloitte.edgekey.net.
team.tax.deloitteonline.com. 3600 IN	CNAME	san2.deloitte.edgekey.net.
templates.eu.deloitteonline.com. 900 IN	CNAME	san5.deloitte.edgekey.net.
templates16.eu.deloitteonline.com. 900 IN CNAME	san5.deloitte.edgekey.net.
totalmandasolution.deloitte.com. 3600 IN CNAME	wildcard.deloitte.com.edgekey.net.
uatdccs.deloitteresources.com. 3600 IN	CNAME	uatdccs.deloitteresources.com.edgekey.net.
uatdrms.deloitteresources.com. 900 IN	CNAME	uatdrms.deloitteresources.com.edgekey.net.
uber.deloittedigital.com. 3600	IN	CNAME	san5.deloitte.edgekey.net.
userfriendly.deloitte.com. 3600	IN	CNAME	wildcard.deloitte.com.edgekey.net.
valued.deloitte.com.	3600	IN	CNAME	app0452-prod-valued-trafficmanager.trafficmanager.net.
www.atadata.com.	7200	IN	CNAME	san3.deloitte.edgekey.net.
www.avocats.deloitte.com. 3600	IN	CNAME	san7.deloitte.edgekey.net.
www.businesschemistryblog.com. 1800 IN	CNAME	san3.deloitte.edgekey.net.
www.capitalhblog.deloitte.com. 900 IN	CNAME	san5.deloitte.edgekey.net.
www.caseyquirk.biz.	7200	IN	CNAME	san3.deloitte.edgekey.net.
www.caseyquirk.co.	7200	IN	CNAME	san3.deloitte.edgekey.net.
www.caseyquirk.co.uk.	7200	IN	CNAME	san3.deloitte.edgekey.net.
www.caseyquirk.com.	7200	IN	CNAME	san3.deloitte.edgekey.net.
www.caseyquirk.info.	7199	IN	CNAME	san3.deloitte.edgekey.net.
www.caseyquirk.net.	7200	IN	CNAME	san3.deloitte.edgekey.net.
www.caseyquirk.us.	7199	IN	CNAME	san3.deloitte.edgekey.net.
www.corpgov.deloitte.com. 3600	IN	CNAME	san5.deloitte.edgekey.net.
www.corpgov.deloitte.in. 7200	IN	CNAME	san3.deloitte.edgekey.net.
www.deloitte.in.	7200	IN	CNAME	san3.deloitte.edgekey.net.
www.deloittedigital.ca.	1800	IN	CNAME	san6.deloitte.edgekey.net.
www.deloitteexperienceservices.com. 7200 IN CNAME san3.deloitte.edgekey.net.
www.deloitteinsights.com. 3600	IN	CNAME	san3.deloitte.edgekey.net.
www.deloittelegal.gr.	7200	IN	CNAME	san3.deloitte.edgekey.net.
www.deloitteprivate.co.nz. 3600	IN	CNAME	san3.deloitte.edgekey.net.
www.deloittetaxlaw.ca.	600	IN	CNAME	san3.deloitte.edgekey.net.
www.dupress.com.	7200	IN	CNAME	san3.deloitte.edgekey.net.
www.equationdelaconfiance.com. 3600 IN	CNAME	deloitte.france.redirects.edgekey.net.
www.equation-de-la-confiance.com. 3600 IN CNAME	deloitte.france.redirects.edgekey.net.
www.equationdelaconfiance.fr. 3600 IN	CNAME	deloitte.france.redirects.edgekey.net.
www.equation-de-la-confiance.fr. 3600 IN CNAME	deloitte.france.redirects.edgekey.net.
www.equationdelaconfiance.net. 3600 IN	CNAME	deloitte.france.redirects.edgekey.net.
www.equation-de-la-confiance.net. 3600 IN CNAME	deloitte.france.redirects.edgekey.net.
www.equationdelaconfiance.org. 3600 IN	CNAME	deloitte.france.redirects.edgekey.net.
www.equation-de-la-confiance.org. 3600 IN CNAME	deloitte.france.redirects.edgekey.net.
www.fast50.co.nz.	3600	IN	CNAME	san3.deloitte.edgekey.net.
www.health.deloitte.	1800	IN	CNAME	san5.deloitte.edgekey.net.
www.healthcare.deloitte. 1800	IN	CNAME	san5.deloitte.edgekey.net.
www.laga.be.		300	IN	CNAME	san5.deloitte.edgekey.net.
www.nic.deloitte.	3600	IN	CNAME	san1.deloitte.edgekey.net.
www.premieralliance.com. 1800	IN	CNAME	san5.deloitte.edgekey.net.
www.r00t9b.com.		1800	IN	CNAME	san5.deloitte.edgekey.net.
www.r00t9b.dev.		1800	IN	CNAME	san5.deloitte.edgekey.net.
www.r00t9b.io.		1800	IN	CNAME	san5.deloitte.edgekey.net.
www.r9b.com.		1800	IN	CNAME	san5.deloitte.edgekey.net.
www.r9b.dev.		1800	IN	CNAME	san5.deloitte.edgekey.net.
www.r9b.io.		1800	IN	CNAME	san5.deloitte.edgekey.net.
www.r9b.org.		1800	IN	CNAME	san5.deloitte.edgekey.net.
www.regpulseblog.com.	7200	IN	CNAME	san3.deloitte.edgekey.net.
www.root9b.biz.		1800	IN	CNAME	san5.deloitte.edgekey.net.
www.root9b.co.		1800	IN	CNAME	san5.deloitte.edgekey.net.
www.root9b.co.in.	1800	IN	CNAME	san5.deloitte.edgekey.net.
www.root9b.com.		1800	IN	CNAME	san5.deloitte.edgekey.net.
www.root9b.com.cn.	1800	IN	CNAME	san5.deloitte.edgekey.net.
www.root9b.dev.		1800	IN	CNAME	san5.deloitte.edgekey.net.
www.root9b.in.		1800	IN	CNAME	san5.deloitte.edgekey.net.
www.root9b.info.	1800	IN	CNAME	san5.deloitte.edgekey.net.
www.root9b.io.		1800	IN	CNAME	san5.deloitte.edgekey.net.
www.root9b.mobi.	1800	IN	CNAME	san5.deloitte.edgekey.net.
www.root9b.net.		1800	IN	CNAME	san5.deloitte.edgekey.net.
www.root9b.net.cn.	1800	IN	CNAME	san5.deloitte.edgekey.net.
www.root9b.org.		1800	IN	CNAME	san5.deloitte.edgekey.net.
www.root9b.org.cn.	1800	IN	CNAME	san5.deloitte.edgekey.net.
www.root9b.us.		1800	IN	CNAME	san5.deloitte.edgekey.net.
www.ubermind.com.	1800	IN	CNAME	san5.deloitte.edgekey.net.
www.workforce.deloitte.	1800	IN	CNAME	san5.deloitte.edgekey.net.
www2dev.deloitte.com.	3600	IN	CNAME	wildcard.deloitte.com.edgekey.net.
wwwdev.deloitte.com.	3600	IN	CNAME	wildcard.deloitte.com.edgekey.net.
wwwdev.deloittedigital.com. 1800 IN	CNAME	san3.deloitte.edgekey.net.
wwwqa.avocats.deloitte.com. 3600 IN	CNAME	san7.deloitte.edgekey.net.
wwwqa.deloittelegal.gr.	7200	IN	CNAME	san3.deloitte.edgekey.net.
wwwqa.deloittetaxlaw.ca. 7200	IN	CNAME	san3.deloitte.edgekey.net.
wwwstage.avocats.deloitte.com. 3600 IN	CNAME	san7.deloitte.edgekey.net.
wwwstage.deloittelegal.gr. 7200	IN	CNAME	san3.deloitte.edgekey.net.
wwwstage.deloittetaxlaw.ca. 7200 IN	CNAME	san3.deloitte.edgekey.net.
wwwstage.nic.deloitte.	3600	IN	CNAME	san1.deloitte.edgekey.net.
wwwstage.tohmatsu.com.	900	IN	CNAME	wwwstage.tohmatsu.com.edgekey.net.
