processing server: akamaidlp55.deloitteresources.com
akamaidlp55.deloitteresources.com. 900 IN CNAME	dlp55.deloitteresources.com.edgekey.net.
dlp55.deloitteresources.com.edgekey.net. 21600 IN CNAME	e1705.dsca.akamaiedge.net.
processing server: www.akamai.com
www.akamai.com.		3165	IN	CNAME	www.akamai.com.edgekey.net.
www.akamai.com.edgekey.net. 154	IN	CNAME	www.akamai.com.edgekey.net.globalredir.akadns.net.
www.akamai.com.edgekey.net.globalredir.akadns.net. 2145	IN CNAME e2915.dscx.akamaiedge.net.
akamaidlp55.deloitteresources.com. 900 IN CNAME	dlp55.deloitteresources.com.edgekey.net.
dlp55.deloitteresources.com.edgekey.net. 21600 IN CNAME	e1705.dsca.akamaiedge.net.
akamaidlp55stg.deloitteresources.com. 900 IN CNAME dlp55stg.deloitteresources.com.edgekey.net.
dlp55stg.deloitteresources.com.edgekey.net. 21600 IN CNAME e1705.b.akamaiedge.net.
akamaidpn.deloitteresources.com. 900 IN	CNAME	dpn.deloitteresources.com.edgekey.net.
dpn.deloitteresources.com.edgekey.net. 900 IN CNAME e1705.dscx.akamaiedge.net.
akapoc.deloitteresources.com. 3600 IN	CNAME	wildcard.deloitteresources.com.edgekey.net.
wildcard.deloitteresources.com.edgekey.net. 21600 IN CNAME e1705.dsca.akamaiedge.net.
ame1.deloitteonline.com. 900	IN	CNAME	ame1.deloitteonline.com.edgekey.net.
ame1.deloitteonline.com.edgekey.net. 21600 IN CNAME e1704.b.akamaiedge.net.
ame2.deloitteonline.com. 900	IN	CNAME	ame2.deloitteonline.com.edgekey.net.
ame2.deloitteonline.com.edgekey.net. 21600 IN CNAME e1704.b.akamaiedge.net.
americas.internal.deloitteonline.com. 3600 IN CNAME san1.deloitte.edgekey.net.
san1.deloitte.edgekey.net. 300	IN	CNAME	e8943.dsca.akamaiedge.net.
ampmstage.deloitte.com.	3600	IN	CNAME	wildcard.deloitte.com.edgekey.net.
wildcard.deloitte.com.edgekey.net. 300 IN CNAME	e7778.dsca.akamaiedge.net.
ampmtrain.deloitte.com.	900	IN	CNAME	wildcard.deloitte.com.edgekey.net.
wildcard.deloitte.com.edgekey.net. 299 IN CNAME	e7778.dsca.akamaiedge.net.
analytics-blog.deloitte.com. 3600 IN	CNAME	wildcard.deloitte.com.edgekey.net.
wildcard.deloitte.com.edgekey.net. 298 IN CNAME	e7778.dsca.akamaiedge.net.
apa.deloitteonline.com.	900	IN	CNAME	apa.deloitteonline.com.edgekey.net.
apa.deloitteonline.com.edgekey.net. 21600 IN CNAME e1704.b.akamaiedge.net.
apac.internal.deloitteonline.com. 3600 IN CNAME	san1.deloitte.edgekey.net.
san1.deloitte.edgekey.net. 294	IN	CNAME	e8943.dsca.akamaiedge.net.
appcenterfiles.deloitteresources.com. 300 IN CNAME appcenterfiles.deloitteresources.com.edgekey.net.
appcenterfiles.deloitteresources.com.edgekey.net. 1800 IN CNAME	e163.dscx.akamaiedge.net.
assetshare.deloitte.com. 3600	IN	CNAME	wildcard.deloitte.com.edgekey.net.
wildcard.deloitte.com.edgekey.net. 293 IN CNAME	e7778.dsca.akamaiedge.net.
assetshare-dev.deloitte.com. 3600 IN	CNAME	wildcard.deloitte.com.edgekey.net.
wildcard.deloitte.com.edgekey.net. 293 IN CNAME	e7778.dsca.akamaiedge.net.
assetshare-qa.deloitte.com. 3600 IN	CNAME	wildcard.deloitte.com.edgekey.net.
wildcard.deloitte.com.edgekey.net. 292 IN CNAME	e7778.dsca.akamaiedge.net.
assetshare-stage.deloitte.com. 3600 IN	CNAME	wildcard.deloitte.com.edgekey.net.
wildcard.deloitte.com.edgekey.net. 292 IN CNAME	e7778.dsca.akamaiedge.net.
audit16.eu.deloitteonline.com. 1800 IN	CNAME	san5.deloitte.edgekey.net.
san5.deloitte.edgekey.net. 21600 IN	CNAME	e33453.dsca.akamaiedge.net.
author.deloitte.com.	3600	IN	CNAME	author.deloitte.com.edgekey.net.
author.deloitte.com.edgekey.net. 21600 IN CNAME	e7778.dsca.akamaiedge.net.
authordev.deloitte.com.	3600	IN	CNAME	wildcard.deloitte.com.edgekey.net.
wildcard.deloitte.com.edgekey.net. 289 IN CNAME	e7778.dsca.akamaiedge.net.
authormig.deloitte.com.	3600	IN	CNAME	wildcard.deloitte.com.edgekey.net.
wildcard.deloitte.com.edgekey.net. 288 IN CNAME	e7778.dsca.akamaiedge.net.
authorqa.deloitte.com.	900	IN	CNAME	authorqa.deloitte.com.edgekey.net.
authorqa.deloitte.com.edgekey.net. 300 IN CNAME	e7778.dsca.akamaiedge.net.
authorstage.deloitte.com. 900	IN	CNAME	authorstage.deloitte.com.edgekey.net.
authorstage.deloitte.com.edgekey.net. 3600 IN CNAME e7778.dsca.akamaiedge.net.
avocats.deloitte.com.	3600	IN	CNAME	wildcard.deloitte.com.edgekey.net.
wildcard.deloitte.com.edgekey.net. 285 IN CNAME	e7778.dsca.akamaiedge.net.
bdtlfiles.deloitte.com.	3600	IN	CNAME	bdtlfiles.deloitte.com.edgekey.net.
bdtlfiles.deloitte.com.edgekey.net. 1800 IN CNAME e102.d.akamaiedge.net.
blog.deloitte.co.nz.	3600	IN	CNAME	san5.deloitte.edgekey.net.
san5.deloitte.edgekey.net. 21594 IN	CNAME	e33453.dsca.akamaiedge.net.
blogs.deloitte.com.	3600	IN	CNAME	wildcard.deloitte.com.edgekey.net.
wildcard.deloitte.com.edgekey.net. 283 IN CNAME	e7778.dsca.akamaiedge.net.
capitalhblog.deloitte.com. 900	IN	CNAME	wildcard.deloitte.com.edgekey.net.
wildcard.deloitte.com.edgekey.net. 281 IN CNAME	e7778.dsca.akamaiedge.net.
careers.deloitte.com.	3600	IN	CNAME	wildcard.deloitte.com.edgekey.net.
wildcard.deloitte.com.edgekey.net. 280 IN CNAME	e7778.dsca.akamaiedge.net.
cdn.deloitte.com.	3600	IN	CNAME	wildcard.deloitte.com.edgekey.net.
wildcard.deloitte.com.edgekey.net. 275 IN CNAME	e7778.dsca.akamaiedge.net.
cmo.deloitte.com.	3600	IN	CNAME	wildcard.deloitte.com.edgekey.net.
wildcard.deloitte.com.edgekey.net. 275 IN CNAME	e7778.dsca.akamaiedge.net.
cmoiqa.deloitte.com.	3600	IN	CNAME	wildcard.deloitte.com.edgekey.net.
wildcard.deloitte.com.edgekey.net. 274 IN CNAME	e7778.dsca.akamaiedge.net.
cmoqa.deloitte.com.	900	IN	CNAME	wildcard.deloitte.com.edgekey.net.
wildcard.deloitte.com.edgekey.net. 273 IN CNAME	e7778.dsca.akamaiedge.net.
cmostage.deloitte.com.	900	IN	CNAME	wildcard.deloitte.com.edgekey.net.
wildcard.deloitte.com.edgekey.net. 273 IN CNAME	e7778.dsca.akamaiedge.net.
consulting16.eu.deloitteonline.com. 1800 IN CNAME san5.deloitte.edgekey.net.
san5.deloitte.edgekey.net. 21582 IN	CNAME	e33453.dsca.akamaiedge.net.
content0.deloitteresources.com.	3600 IN	CNAME	content0.deloitteresources.com.edgekey.net.
content0.deloitteresources.com.edgekey.net. 21600 IN CNAME e1705.b.akamaiedge.net.
content2.deloitteresources.com.	3600 IN	CNAME	content2.deloitteresources.com.edgekey.net.
content2.deloitteresources.com.edgekey.net. 21600 IN CNAME e1705.b.akamaiedge.net.
corpgov.deloitte.com.	3600	IN	CNAME	wildcard.deloitte.com.edgekey.net.
wildcard.deloitte.com.edgekey.net. 270 IN CNAME	e7778.dsca.akamaiedge.net.
corpgov.deloitte.in.	7199	IN	CNAME	san3.deloitte.edgekey.net.
san3.deloitte.edgekey.net. 300	IN	CNAME	e24131.dsca.akamaiedge.net.
cs.tax.deloitteonline.com. 3600	IN	CNAME	san2.deloitte.edgekey.net.
san2.deloitte.edgekey.net. 21600 IN	CNAME	e4462.dscx.akamaiedge.net.
dccs.deloitteresources.com. 3600 IN	CNAME	dccs.deloitteresources.com.edgekey.net.
dccs.deloitteresources.com.edgekey.net.	21600 IN CNAME e1705.dsca.akamaiedge.net.
dep.deloitteresources.com. 3600	IN	CNAME	app0714-prd-dep-trafficmanager.trafficmanager.net.
desc.deloitteresources.com. 900	IN	CNAME	desc.deloitteresources.com.edgekey.net.
desc.deloitteresources.com.edgekey.net.	21600 IN CNAME e1705.dsca.akamaiedge.net.
descadmin.deloitteresources.com. 3600 IN CNAME	descadmin.deloitteresources.com.edgekey.net.
descadmin.deloitteresources.com.edgekey.net. 21600 IN CNAME e1705.dscx.akamaiedge.net.
digital-oil-and-gas.deloitte.com. 3600 IN CNAME	wildcard.deloitte.com.edgekey.net.
wildcard.deloitte.com.edgekey.net. 242 IN CNAME	e7778.dsca.akamaiedge.net.
dlp.deloitteresources.com. 900	IN	CNAME	dlp.deloitteresources.com.edgekey.net.
dlp.deloitteresources.com.edgekey.net. 21600 IN	CNAME e1705.b.akamaiedge.net.
dlpdelc.deloitteresources.com. 900 IN	CNAME	dlpdelc.deloitteresources.com.edgekey.net.
dlpdelc.deloitteresources.com.edgekey.net. 21600 IN CNAME e1705.dsca.akamaiedge.net.
drms.deloitteresources.com. 3600 IN	CNAME	drms.deloitteresources.com.edgekey.net.
drms.deloitteresources.com.edgekey.net.	21600 IN CNAME e1705.dsca.akamaiedge.net.
dti.tax.deloitteonline.com. 3600 IN	CNAME	san2.deloitte.edgekey.net.
san2.deloitte.edgekey.net. 21569 IN	CNAME	e4462.dscx.akamaiedge.net.
dti2.tax.deloitteonline.com. 3600 IN	CNAME	san2.deloitte.edgekey.net.
san2.deloitte.edgekey.net. 21569 IN	CNAME	e4462.dscx.akamaiedge.net.
dtitiles.tax.deloitteonline.com. 3600 IN CNAME	san2.deloitte.edgekey.net.
san2.deloitte.edgekey.net. 21568 IN	CNAME	e4462.dscx.akamaiedge.net.
dupress.deloitte.com.	3600	IN	CNAME	wildcard.deloitte.com.edgekey.net.
wildcard.deloitte.com.edgekey.net. 234 IN CNAME	e7778.dsca.akamaiedge.net.
dupressqa.deloitte.com.	900	IN	CNAME	wildcard.deloitte.com.edgekey.net.
wildcard.deloitte.com.edgekey.net. 234 IN CNAME	e7778.dsca.akamaiedge.net.
dupressstage.deloitte.com. 900	IN	CNAME	wildcard.deloitte.com.edgekey.net.
wildcard.deloitte.com.edgekey.net. 233 IN CNAME	e7778.dsca.akamaiedge.net.
ema.deloitteonline.com.	900	IN	CNAME	ema.deloitteonline.com.edgekey.net.
ema.deloitteonline.com.edgekey.net. 21600 IN CNAME e1704.b.akamaiedge.net.
emea.internal.deloitteonline.com. 3600 IN CNAME	san1.deloitte.edgekey.net.
san1.deloitte.edgekey.net. 231	IN	CNAME	e8943.dsca.akamaiedge.net.
er0.deloitteonline.com.	900	IN	CNAME	er0.deloitteonline.com.edgekey.net.
er0.deloitteonline.com.edgekey.net. 21600 IN CNAME e1704.b.akamaiedge.net.
er1.deloitteonline.com.	900	IN	CNAME	er1.deloitteonline.com.edgekey.net.
er1.deloitteonline.com.edgekey.net. 21600 IN CNAME e1704.b.akamaiedge.net.
er10.deloitteonline.com. 900	IN	CNAME	er10.deloitteonline.com.edgekey.net.
er10.deloitteonline.com.edgekey.net. 21600 IN CNAME e1704.b.akamaiedge.net.
er11.deloitteonline.com. 900	IN	CNAME	er11.deloitteonline.com.edgekey.net.
er11.deloitteonline.com.edgekey.net. 21600 IN CNAME e1704.b.akamaiedge.net.
er12.deloitteonline.com. 900	IN	CNAME	er12.deloitteonline.com.edgekey.net.
er12.deloitteonline.com.edgekey.net. 21600 IN CNAME e1704.b.akamaiedge.net.
er13.deloitteonline.com. 900	IN	CNAME	er13.deloitteonline.com.edgekey.net.
er13.deloitteonline.com.edgekey.net. 21600 IN CNAME e1704.b.akamaiedge.net.
er14.deloitteonline.com. 900	IN	CNAME	er14.deloitteonline.com.edgekey.net.
er14.deloitteonline.com.edgekey.net. 21600 IN CNAME e1704.b.akamaiedge.net.
er15.deloitteonline.com. 900	IN	CNAME	er15.deloitteonline.com.edgekey.net.
er15.deloitteonline.com.edgekey.net. 21600 IN CNAME e1704.b.akamaiedge.net.
er16.deloitteonline.com. 900	IN	CNAME	er16.deloitteonline.com.edgekey.net.
er16.deloitteonline.com.edgekey.net. 21600 IN CNAME e1704.b.akamaiedge.net.
er17.deloitteonline.com. 900	IN	CNAME	er17.deloitteonline.com.edgekey.net.
er17.deloitteonline.com.edgekey.net. 21600 IN CNAME e1704.b.akamaiedge.net.
er18.deloitteonline.com. 900	IN	CNAME	er18.deloitteonline.com.edgekey.net.
er18.deloitteonline.com.edgekey.net. 21600 IN CNAME e1704.b.akamaiedge.net.
er19.deloitteonline.com. 900	IN	CNAME	er19.deloitteonline.com.edgekey.net.
er19.deloitteonline.com.edgekey.net. 21600 IN CNAME e1704.b.akamaiedge.net.
er2.deloitteonline.com.	900	IN	CNAME	er2.deloitteonline.com.edgekey.net.
er2.deloitteonline.com.edgekey.net. 21600 IN CNAME e1704.b.akamaiedge.net.
er20.deloitteonline.com. 900	IN	CNAME	er20.deloitteonline.com.edgekey.net.
er20.deloitteonline.com.edgekey.net. 21600 IN CNAME e1704.b.akamaiedge.net.
er21.deloitteonline.com. 900	IN	CNAME	er21.deloitteonline.com.edgekey.net.
er21.deloitteonline.com.edgekey.net. 21600 IN CNAME er21.deloitteonline.com.edgekey.net.chinaredirector.akadns.net.
er21.deloitteonline.com.edgekey.net.chinaredirector.akadns.net.	3600 IN	CNAME e1704.b.akamaiedge.net.
er22.deloitteonline.com. 900	IN	CNAME	er22.deloitteonline.com.edgekey.net.
er22.deloitteonline.com.edgekey.net. 21600 IN CNAME er22.deloitteonline.com.edgekey.net.chinaredirector.akadns.net.
er22.deloitteonline.com.edgekey.net.chinaredirector.akadns.net.	3600 IN	CNAME e1704.b.akamaiedge.net.
er23.deloitteonline.com. 900	IN	CNAME	er23.deloitteonline.com.edgekey.net.
er23.deloitteonline.com.edgekey.net. 21600 IN CNAME er23.deloitteonline.com.edgekey.net.chinaredirector.akadns.net.
er23.deloitteonline.com.edgekey.net.chinaredirector.akadns.net.	3600 IN	CNAME e1704.b.akamaiedge.net.
er24.deloitteonline.com. 900	IN	CNAME	er24.deloitteonline.com.edgekey.net.
er24.deloitteonline.com.edgekey.net. 21600 IN CNAME er24.deloitteonline.com.edgekey.net.chinaredirector.akadns.net.
er24.deloitteonline.com.edgekey.net.chinaredirector.akadns.net.	3600 IN	CNAME e1704.b.akamaiedge.net.
er25.deloitteonline.com. 900	IN	CNAME	er25.deloitteonline.com.edgekey.net.
er25.deloitteonline.com.edgekey.net. 21600 IN CNAME e1704.b.akamaiedge.net.
er26.deloitteonline.com. 900	IN	CNAME	er26.deloitteonline.com.edgekey.net.
er26.deloitteonline.com.edgekey.net. 21600 IN CNAME e1704.b.akamaiedge.net.
er27.deloitteonline.com. 900	IN	CNAME	er27.deloitteonline.com.edgekey.net.
er27.deloitteonline.com.edgekey.net. 21600 IN CNAME e1704.b.akamaiedge.net.
er28.deloitteonline.com. 900	IN	CNAME	er28.deloitteonline.com.edgekey.net.
er28.deloitteonline.com.edgekey.net. 21600 IN CNAME e1704.b.akamaiedge.net.
er29.deloitteonline.com. 900	IN	CNAME	er29.deloitteonline.com.edgekey.net.
er29.deloitteonline.com.edgekey.net. 21600 IN CNAME e1704.b.akamaiedge.net.
er3.deloitteonline.com.	900	IN	CNAME	er3.deloitteonline.com.edgekey.net.
er3.deloitteonline.com.edgekey.net. 21600 IN CNAME er3.deloitteonline.com.edgekey.net.chinaredirector.akadns.net.
er3.deloitteonline.com.edgekey.net.chinaredirector.akadns.net. 3600 IN CNAME e1704.b.akamaiedge.net.
er30.deloitteonline.com. 900	IN	CNAME	er30.deloitteonline.com.edgekey.net.
er30.deloitteonline.com.edgekey.net. 21600 IN CNAME e1704.b.akamaiedge.net.
er31.deloitteonline.com. 900	IN	CNAME	er31.deloitteonline.com.edgekey.net.
er31.deloitteonline.com.edgekey.net. 21600 IN CNAME e1704.b.akamaiedge.net.
er32.deloitteonline.com. 900	IN	CNAME	er32.deloitteonline.com.edgekey.net.
er32.deloitteonline.com.edgekey.net. 21600 IN CNAME e1704.b.akamaiedge.net.
er33.deloitteonline.com. 900	IN	CNAME	er33.deloitteonline.com.edgekey.net.
er33.deloitteonline.com.edgekey.net. 21600 IN CNAME e1704.b.akamaiedge.net.
er34.deloitteonline.com. 900	IN	CNAME	er34.deloitteonline.com.edgekey.net.
er34.deloitteonline.com.edgekey.net. 21600 IN CNAME e1704.b.akamaiedge.net.
er35.deloitteonline.com. 900	IN	CNAME	er35.deloitteonline.com.edgekey.net.
er35.deloitteonline.com.edgekey.net. 21600 IN CNAME e1704.b.akamaiedge.net.
er36.deloitteonline.com. 900	IN	CNAME	er36.deloitteonline.com.edgekey.net.
er36.deloitteonline.com.edgekey.net. 21600 IN CNAME e1704.b.akamaiedge.net.
er37.deloitteonline.com. 900	IN	CNAME	er37.deloitteonline.com.edgekey.net.
er37.deloitteonline.com.edgekey.net. 21600 IN CNAME e1704.b.akamaiedge.net.
er38.deloitteonline.com. 900	IN	CNAME	er38.deloitteonline.com.edgekey.net.
er38.deloitteonline.com.edgekey.net. 21600 IN CNAME e1704.b.akamaiedge.net.
er39.deloitteonline.com. 900	IN	CNAME	er39.deloitteonline.com.edgekey.net.
er39.deloitteonline.com.edgekey.net. 21600 IN CNAME e1704.b.akamaiedge.net.
er4.deloitteonline.com.	900	IN	CNAME	er4.deloitteonline.com.edgekey.net.
er4.deloitteonline.com.edgekey.net. 21600 IN CNAME er4.deloitteonline.com.edgekey.net.chinaredirector.akadns.net.
er4.deloitteonline.com.edgekey.net.chinaredirector.akadns.net. 3600 IN CNAME e1704.b.akamaiedge.net.
er40.deloitteonline.com. 900	IN	CNAME	er40.deloitteonline.com.edgekey.net.
er40.deloitteonline.com.edgekey.net. 21600 IN CNAME e1704.b.akamaiedge.net.
er41.deloitteonline.com. 3600	IN	CNAME	er41.deloitteonline.com.edgekey.net.
er41.deloitteonline.com.edgekey.net. 21600 IN CNAME e1704.b.akamaiedge.net.
er42.deloitteonline.com. 3600	IN	CNAME	er42.deloitteonline.com.edgekey.net.
er42.deloitteonline.com.edgekey.net. 21600 IN CNAME e1704.b.akamaiedge.net.
er43.deloitteonline.com. 3600	IN	CNAME	er43.deloitteonline.com.edgekey.net.
er43.deloitteonline.com.edgekey.net. 21600 IN CNAME e1704.b.akamaiedge.net.
er44.deloitteonline.com. 3600	IN	CNAME	er44.deloitteonline.com.edgekey.net.
er44.deloitteonline.com.edgekey.net. 21600 IN CNAME e1704.b.akamaiedge.net.
er45.deloitteonline.com. 3600	IN	CNAME	er45.deloitteonline.com.edgekey.net.
er45.deloitteonline.com.edgekey.net. 21600 IN CNAME e1704.b.akamaiedge.net.
er46.deloitteonline.com. 3600	IN	CNAME	er46.deloitteonline.com.edgekey.net.
er46.deloitteonline.com.edgekey.net. 21600 IN CNAME e1704.b.akamaiedge.net.
er47.deloitteonline.com. 3600	IN	CNAME	er47.deloitteonline.com.edgekey.net.
er47.deloitteonline.com.edgekey.net. 21600 IN CNAME e1704.b.akamaiedge.net.
er48.deloitteonline.com. 3600	IN	CNAME	er48.deloitteonline.com.edgekey.net.
er48.deloitteonline.com.edgekey.net. 21600 IN CNAME e1704.b.akamaiedge.net.
er49.deloitteonline.com. 3600	IN	CNAME	er49.deloitteonline.com.edgekey.net.
er49.deloitteonline.com.edgekey.net. 21600 IN CNAME e1704.b.akamaiedge.net.
er5.deloitteonline.com.	900	IN	CNAME	er5.deloitteonline.com.edgekey.net.
er5.deloitteonline.com.edgekey.net. 21600 IN CNAME er5.deloitteonline.com.edgekey.net.chinaredirector.akadns.net.
er5.deloitteonline.com.edgekey.net.chinaredirector.akadns.net. 3600 IN CNAME e1704.b.akamaiedge.net.
er50.deloitteonline.com. 3600	IN	CNAME	er50.deloitteonline.com.edgekey.net.
er50.deloitteonline.com.edgekey.net. 21600 IN CNAME e1704.b.akamaiedge.net.
er51.deloitteonline.com. 3600	IN	CNAME	er51.deloitteonline.com.edgekey.net.
er51.deloitteonline.com.edgekey.net. 21600 IN CNAME e1704.b.akamaiedge.net.
er52.deloitteonline.com. 3600	IN	CNAME	er52.deloitteonline.com.edgekey.net.
er52.deloitteonline.com.edgekey.net. 21600 IN CNAME e1704.b.akamaiedge.net.
er53.deloitteonline.com. 3600	IN	CNAME	er53.deloitteonline.com.edgekey.net.
er53.deloitteonline.com.edgekey.net. 21600 IN CNAME e1704.b.akamaiedge.net.
er54.deloitteonline.com. 3600	IN	CNAME	er54.deloitteonline.com.edgekey.net.
er54.deloitteonline.com.edgekey.net. 21600 IN CNAME e1704.b.akamaiedge.net.
er55.deloitteonline.com. 3600	IN	CNAME	er55.deloitteonline.com.edgekey.net.
er55.deloitteonline.com.edgekey.net. 21600 IN CNAME e1704.b.akamaiedge.net.
er56.deloitteonline.com. 3600	IN	CNAME	er56.deloitteonline.com.edgekey.net.
er56.deloitteonline.com.edgekey.net. 21600 IN CNAME e1704.b.akamaiedge.net.
er57.deloitteonline.com. 3600	IN	CNAME	er57.deloitteonline.com.edgekey.net.
er57.deloitteonline.com.edgekey.net. 21600 IN CNAME e1704.b.akamaiedge.net.
er58.deloitteonline.com. 900	IN	CNAME	er58.deloitteonline.com.edgekey.net.
er58.deloitteonline.com.edgekey.net. 21600 IN CNAME e1704.b.akamaiedge.net.
er59.deloitteonline.com. 900	IN	CNAME	er59.deloitteonline.com.edgekey.net.
er59.deloitteonline.com.edgekey.net. 21600 IN CNAME e1704.b.akamaiedge.net.
er6.deloitteonline.com.	900	IN	CNAME	er6.deloitteonline.com.edgekey.net.
er6.deloitteonline.com.edgekey.net. 21600 IN CNAME er6.deloitteonline.com.edgekey.net.chinaredirector.akadns.net.
er6.deloitteonline.com.edgekey.net.chinaredirector.akadns.net. 3600 IN CNAME e1704.b.akamaiedge.net.
er60.deloitteonline.com. 900	IN	CNAME	er60.deloitteonline.com.edgekey.net.
er60.deloitteonline.com.edgekey.net. 21600 IN CNAME e1704.b.akamaiedge.net.
er61.deloitteonline.com. 900	IN	CNAME	er61.deloitteonline.com.edgekey.net.
er61.deloitteonline.com.edgekey.net. 21600 IN CNAME e1704.b.akamaiedge.net.
er62.deloitteonline.com. 900	IN	CNAME	er62.deloitteonline.com.edgekey.net.
er62.deloitteonline.com.edgekey.net. 21600 IN CNAME e1704.b.akamaiedge.net.
er63.deloitteonline.com. 900	IN	CNAME	er63.deloitteonline.com.edgekey.net.
er63.deloitteonline.com.edgekey.net. 21600 IN CNAME e1704.b.akamaiedge.net.
er64.deloitteonline.com. 900	IN	CNAME	er64.deloitteonline.com.edgekey.net.
er64.deloitteonline.com.edgekey.net. 21600 IN CNAME e1704.b.akamaiedge.net.
er65.deloitteonline.com. 3600	IN	CNAME	er65.deloitteonline.com.edgekey.net.
er65.deloitteonline.com.edgekey.net. 21600 IN CNAME e1704.b.akamaiedge.net.
er66.deloitteonline.com. 3600	IN	CNAME	er66.deloitteonline.com.edgekey.net.
er66.deloitteonline.com.edgekey.net. 21600 IN CNAME e1704.b.akamaiedge.net.
er67.deloitteonline.com. 3600	IN	CNAME	er67.deloitteonline.com.edgekey.net.
er67.deloitteonline.com.edgekey.net. 21600 IN CNAME e1704.b.akamaiedge.net.
er68.deloitteonline.com. 3600	IN	CNAME	er68.deloitteonline.com.edgekey.net.
er68.deloitteonline.com.edgekey.net. 21600 IN CNAME e1704.b.akamaiedge.net.
er7.deloitteonline.com.	900	IN	CNAME	er7.deloitteonline.com.edgekey.net.
er7.deloitteonline.com.edgekey.net. 21600 IN CNAME er7.deloitteonline.com.edgekey.net.chinaredirector.akadns.net.
er7.deloitteonline.com.edgekey.net.chinaredirector.akadns.net. 3600 IN CNAME e1704.b.akamaiedge.net.
er8.deloitteonline.com.	900	IN	CNAME	er8.deloitteonline.com.edgekey.net.
er8.deloitteonline.com.edgekey.net. 21600 IN CNAME er8.deloitteonline.com.edgekey.net.chinaredirector.akadns.net.
er8.deloitteonline.com.edgekey.net.chinaredirector.akadns.net. 3600 IN CNAME e1704.b.akamaiedge.net.
er9.deloitteonline.com.	900	IN	CNAME	er9.deloitteonline.com.edgekey.net.
er9.deloitteonline.com.edgekey.net. 21600 IN CNAME er9.deloitteonline.com.edgekey.net.chinaredirector.akadns.net.
er9.deloitteonline.com.edgekey.net.chinaredirector.akadns.net. 3600 IN CNAME e1704.b.akamaiedge.net.
erdc.deloitte.com.	3600	IN	CNAME	wildcard.deloitte.com.edgekey.net.
wildcard.deloitte.com.edgekey.net. 181 IN CNAME	e7778.dsca.akamaiedge.net.
erdc.deloittedigital.com. 7199	IN	CNAME	san3.deloitte.edgekey.net.
san3.deloitte.edgekey.net. 212	IN	CNAME	e24131.dsca.akamaiedge.net.
eu.deloittedigital.com.	3600	IN	CNAME	san3.deloitte.edgekey.net.
san3.deloitte.edgekey.net. 212	IN	CNAME	e24131.dsca.akamaiedge.net.
eu3p1.deloitteresources.com. 3600 IN	CNAME	wildcard.deloitteresources.com.edgekey.net.
wildcard.deloitteresources.com.edgekey.net. 21478 IN CNAME e1705.dsca.akamaiedge.net.
exploreap.deloitte.com.	3600	IN	CNAME	wildcard.deloitte.com.edgekey.net.
wildcard.deloitte.com.edgekey.net. 179 IN CNAME	e7778.dsca.akamaiedge.net.
fa.eu.deloitteonline.com. 900	IN	CNAME	san5.deloitte.edgekey.net.
san5.deloitte.edgekey.net. 21489 IN	CNAME	e33453.dsca.akamaiedge.net.
fa16.eu.deloitteonline.com. 900	IN	CNAME	san5.deloitte.edgekey.net.
san5.deloitte.edgekey.net. 21489 IN	CNAME	e33453.dsca.akamaiedge.net.
ges.tax.deloitteonline.com. 900	IN	CNAME	san2.deloitte.edgekey.net.
san2.deloitte.edgekey.net. 21506 IN	CNAME	e4462.dscx.akamaiedge.net.
ges2.tax.deloitteonline.com. 3600 IN	CNAME	san2.deloitte.edgekey.net.
san2.deloitte.edgekey.net. 21506 IN	CNAME	e4462.dscx.akamaiedge.net.
gims-uat.deloitte.com.	3600	IN	CNAME	d30s9gy85faqdx.cloudfront.net.
gims-uat-akamai.deloitte.com. 3600 IN	CNAME	gims-uat-akamai.deloitte.com.edgekey.net.
gims-uat-akamai.deloitte.com.edgekey.net. 21600	IN CNAME e19.b.akamaiedge.net.
globalblogs.deloitte.com. 3600	IN	CNAME	wildcard.deloitte.com.edgekey.net.
wildcard.deloitte.com.edgekey.net. 171 IN CNAME	e7778.dsca.akamaiedge.net.
government-2020.dupress.com. 1800 IN	CNAME	san3.deloitte.edgekey.net.
san3.deloitte.edgekey.net. 202	IN	CNAME	e24131.dsca.akamaiedge.net.
gsswebtest.deloitteresources.com. 3600 IN CNAME	wildcard.deloitteresources.com.edgekey.net.
wildcard.deloitteresources.com.edgekey.net. 21467 IN CNAME e1705.dsca.akamaiedge.net.
home16.eu.deloitteonline.com. 900 IN	CNAME	san5.deloitte.edgekey.net.
san5.deloitte.edgekey.net. 21477 IN	CNAME	e33453.dsca.akamaiedge.net.
ifa.deloitteresources.com. 3600	IN	CNAME	app0734-prd-ifa-trafficmanager.trafficmanager.net.
innovation-in-manufacturing.deloitte.com. 3600 IN CNAME	wildcard.deloitte.com.edgekey.net.
wildcard.deloitte.com.edgekey.net. 166 IN CNAME	e7778.dsca.akamaiedge.net.
internal16.eu.deloitteonline.com. 900 IN CNAME	san5.deloitte.edgekey.net.
san5.deloitte.edgekey.net. 21476 IN	CNAME	e33453.dsca.akamaiedge.net.
legacydesc.deloitteresources.com. 900 IN CNAME	legacydesc.deloitteresources.com.edgekey.net.
legacydesc.deloitteresources.com.edgekey.net. 21600 IN CNAME e1705.dsca.akamaiedge.net.
mfg-innovation.deloitte.com. 3600 IN	CNAME	wildcard.deloitte.com.edgekey.net.
wildcard.deloitte.com.edgekey.net. 163 IN CNAME	e7778.dsca.akamaiedge.net.
migration.deloitte.com.	3600	IN	CNAME	wildcard.deloitte.com.edgekey.net.
wildcard.deloitte.com.edgekey.net. 163 IN CNAME	e7778.dsca.akamaiedge.net.
mycareer.deloitte.com.	3600	IN	CNAME	wildcard.deloitte.com.edgekey.net.
wildcard.deloitte.com.edgekey.net. 161 IN CNAME	e7778.dsca.akamaiedge.net.
mydev.deloitte.com.	3600	IN	CNAME	wildcard.deloitte.com.edgekey.net.
wildcard.deloitte.com.edgekey.net. 161 IN CNAME	e7778.dsca.akamaiedge.net.
myinsight2.tax.deloitteonline.com. 3600	IN CNAME san2.deloitte.edgekey.net.
san2.deloitte.edgekey.net. 21492 IN	CNAME	e4462.dscx.akamaiedge.net.
na.stage.dsf.deloitte.com. 3600	IN	CNAME	dsfstgna-a8hndpbpc0fceygj.z01.azurefd.net.
dsfstgna-a8hndpbpc0fceygj.z01.azurefd.net. 30 IN CNAME star-azurefd-prod.trafficmanager.net.
star-azurefd-prod.trafficmanager.net. 60 IN CNAME dual.part-0044.t-0009.t-msedge.net.
dual.part-0044.t-0009.t-msedge.net. 60 IN CNAME	part-0044.t-0009.t-msedge.net.
oimbobjqa40.deloitteresources.com. 3600	IN CNAME oimbobjqa40.deloitteresources.com.edgekey.net.
oimbobjqa40.deloitteresources.com.edgekey.net. 21600 IN	CNAME e1705.dscx.akamaiedge.net.
people.deloitteresources.com. 3600 IN	CNAME	dpn.deloitteresources.com.edgekey.net.
dpn.deloitteresources.com.edgekey.net. 751 IN CNAME e1705.dscx.akamaiedge.net.
plpapi.deloitteresources.com. 3600 IN	CNAME	plpapi.deloitteresources.com.edgekey.net.
plpapi.deloitteresources.com.edgekey.net. 21600	IN CNAME e1705.x.akamaiedge.net.
plpproxy.deloitteresources.com.	3600 IN	CNAME	plpproxy.deloitteresources.com.edgekey.net.
plpproxy.deloitteresources.com.edgekey.net. 21600 IN CNAME e1705.x.akamaiedge.net.
plpui.deloitteresources.com. 3600 IN	CNAME	plpui.deloitteresources.com.edgekey.net.
plpui.deloitteresources.com.edgekey.net. 21600 IN CNAME	e1705.x.akamaiedge.net.
processxray.deloitte.com. 3600	IN	CNAME	wildcard.deloitte.com.edgekey.net.
wildcard.deloitte.com.edgekey.net. 153 IN CNAME	e7778.dsca.akamaiedge.net.
profilephoto.deloitteresources.com. 3600 IN CNAME dpn.deloitteresources.com.edgekey.net.
dpn.deloitteresources.com.edgekey.net. 747 IN CNAME e1705.dscx.akamaiedge.net.
ra.eu.deloitteonline.com. 900	IN	CNAME	san5.deloitte.edgekey.net.
san5.deloitte.edgekey.net. 21455 IN	CNAME	e33453.dsca.akamaiedge.net.
ra16.eu.deloitteonline.com. 900	IN	CNAME	san5.deloitte.edgekey.net.
san5.deloitte.edgekey.net. 21455 IN	CNAME	e33453.dsca.akamaiedge.net.
rdwblock.deloitte.com.	3600	IN	CNAME	rdwblock.deloitte.com.edgekey.net.
rdwblock.deloitte.com.edgekey.net. 21600 IN CNAME e7778.dsca.akamaiedge.net.
regminer.deloitte.com.	3600	IN	CNAME	wildcard.deloitte.com.edgekey.net.
wildcard.deloitte.com.edgekey.net. 143 IN CNAME	e7778.dsca.akamaiedge.net.
resumes.deloitteresources.com. 3600 IN	CNAME	dpn.deloitteresources.com.edgekey.net.
dpn.deloitteresources.com.edgekey.net. 736 IN CNAME e1705.dscx.akamaiedge.net.
rmss.deloitteresources.com. 900	IN	CNAME	wildcard.deloitteresources.com.edgekey.net.
wildcard.deloitteresources.com.edgekey.net. 21439 IN CNAME e1705.dsca.akamaiedge.net.
rpm.deloitteresources.com. 3600	IN	CNAME	wildcard.deloitteresources.com.edgekey.net.
wildcard.deloitteresources.com.edgekey.net. 21427 IN CNAME e1705.dsca.akamaiedge.net.
rpmcoach.deloitteresources.com.	3600 IN	CNAME	wildcard.deloitteresources.com.edgekey.net.
wildcard.deloitteresources.com.edgekey.net. 21426 IN CNAME e1705.dsca.akamaiedge.net.
rpmstage.deloitteresources.com.	3600 IN	CNAME	wildcard.deloitteresources.com.edgekey.net.
wildcard.deloitteresources.com.edgekey.net. 21426 IN CNAME e1705.dsca.akamaiedge.net.
rpmtrain.deloitteresources.com.	3600 IN	CNAME	wildcard.deloitteresources.com.edgekey.net.
wildcard.deloitteresources.com.edgekey.net. 21425 IN CNAME e1705.dsca.akamaiedge.net.
sabacloud.deloitteresources.com. 3600 IN CNAME	wildcard.deloitteresources.com.edgekey.net.
wildcard.deloitteresources.com.edgekey.net. 21425 IN CNAME e1705.dsca.akamaiedge.net.
sabacloud-api.deloitteresources.com. 3600 IN CNAME wildcard.deloitteresources.com.edgekey.net.
wildcard.deloitteresources.com.edgekey.net. 21425 IN CNAME e1705.dsca.akamaiedge.net.
sabacloudio.deloitteresources.com. 3600	IN CNAME wildcard.deloitteresources.com.edgekey.net.
wildcard.deloitteresources.com.edgekey.net. 21424 IN CNAME e1705.dsca.akamaiedge.net.
sancertificate.deloittedigital.com. 900	IN CNAME san3.deloitte.edgekey.net.
san3.deloitte.edgekey.net. 157	IN	CNAME	e24131.dsca.akamaiedge.net.
sdtlfiles.deloitteresources.com. 3600 IN CNAME	sdtlfiles.deloitteresources.com.edgekey.net.
sdtlfiles.deloitteresources.com.edgekey.net. 21600 IN CNAME e1705.c.akamaiedge.net.
search.deloitteresources.com. 900 IN	CNAME	wildcard.deloitteresources.com.edgekey.net.
wildcard.deloitteresources.com.edgekey.net. 21422 IN CNAME e1705.dsca.akamaiedge.net.
smartcity.deloitte.com.	600	IN	CNAME	wildcard.deloitte.com.edgekey.net.
wildcard.deloitte.com.edgekey.net. 120 IN CNAME	e7778.dsca.akamaiedge.net.
sr-akamai-dc-pointer-adc.deloitteresources.com.	900 IN CNAME wildcard.deloitteresources.com.edgekey.net.
wildcard.deloitteresources.com.edgekey.net. 21418 IN CNAME e1705.dsca.akamaiedge.net.
sr-akamai-dc-pointer-hdc.deloitteresources.com.	900 IN CNAME wildcard.deloitteresources.com.edgekey.net.
wildcard.deloitteresources.com.edgekey.net. 21418 IN CNAME e1705.dsca.akamaiedge.net.
sr-akamai-dc-pointer-ldk.deloitteresources.com.	900 IN CNAME wildcard.deloitteresources.com.edgekey.net.
wildcard.deloitteresources.com.edgekey.net. 21417 IN CNAME e1705.dsca.akamaiedge.net.
sr-akamai-dc-pointer-lpr.deloitteresources.com.	900 IN CNAME wildcard.deloitteresources.com.edgekey.net.
wildcard.deloitteresources.com.edgekey.net. 21417 IN CNAME e1705.dsca.akamaiedge.net.
staffitgw.deloitteresources.com. 3600 IN CNAME	wildcard.deloitteresources.com.edgekey.net.
wildcard.deloitteresources.com.edgekey.net. 21417 IN CNAME e1705.dsca.akamaiedge.net.
staffitnw.deloitteresources.com. 3600 IN CNAME	wildcard.deloitteresources.com.edgekey.net.
wildcard.deloitteresources.com.edgekey.net. 21417 IN CNAME e1705.dsca.akamaiedge.net.
staffits4.deloitteresources.com. 3600 IN CNAME	wildcard.deloitteresources.com.edgekey.net.
wildcard.deloitteresources.com.edgekey.net. 21416 IN CNAME e1705.dsca.akamaiedge.net.
stage.csf.cyber.deloitte.com. 900 IN	CNAME	san2.deloitte.com.edgekey.net.
san2.deloitte.com.edgekey.net. 300 IN	CNAME	e4462.dscx.akamaiedge.net.
stageakamaiplp.deloitteresources.com. 3600 IN CNAME stageakamaiplp.deloitteresources.com.edgekey.net.
stageakamaiplp.deloitteresources.com.edgekey.net. 21600	IN CNAME e1705.dscx.akamaiedge.net.
stageamericas.internal.deloitteonline.com. 3600	IN CNAME san1.deloitte.edgekey.net.
san1.deloitte.edgekey.net. 300	IN	CNAME	e8943.dsca.akamaiedge.net.
stageapac.internal.deloitteonline.com. 3600 IN CNAME san1.deloitte.edgekey.net.
san1.deloitte.edgekey.net. 299	IN	CNAME	e8943.dsca.akamaiedge.net.
stagecdn.deloitte.com.	3600	IN	CNAME	wildcard.deloitte.com.edgekey.net.
wildcard.deloitte.com.edgekey.net. 300 IN CNAME	e7778.dsca.akamaiedge.net.
stagecfolens.deloitte.com. 3600	IN	CNAME	stagecfolens.deloitte.com.00dj0000001njvkeam.live.siteforce.com.
stagecs.tax.deloitteonline.com.	3600 IN	CNAME	san2.deloitte.edgekey.net.
san2.deloitte.edgekey.net. 21600 IN	CNAME	e4462.dscx.akamaiedge.net.
stagedtitiles.tax.deloitteonline.com. 3600 IN CNAME san2.deloitte.edgekey.net.
san2.deloitte.edgekey.net. 21600 IN	CNAME	e4462.dscx.akamaiedge.net.
stageemea.internal.deloitteonline.com. 3600 IN CNAME san1.deloitte.edgekey.net.
san1.deloitte.edgekey.net. 295	IN	CNAME	e8943.dsca.akamaiedge.net.
stageges.tax.deloitteonline.com. 900 IN	CNAME	san2.deloitte.edgekey.net.
san2.deloitte.edgekey.net. 21599 IN	CNAME	e4462.dscx.akamaiedge.net.
stageges2.tax.deloitteonline.com. 900 IN CNAME	san2.deloitte.edgekey.net.
san2.deloitte.edgekey.net. 21599 IN	CNAME	e4462.dscx.akamaiedge.net.
stageinsight.tax.deloitteonline.com. 900 IN CNAME san2.deloitte.edgekey.net.
san2.deloitte.edgekey.net. 21598 IN	CNAME	e4462.dscx.akamaiedge.net.
stageinsight2.tax.deloitteonline.com. 3600 IN CNAME san2.deloitte.edgekey.net.
san2.deloitte.edgekey.net. 21598 IN	CNAME	e4462.dscx.akamaiedge.net.
stageismart2.deloitte.com. 3600	IN	CNAME	wildcard.deloitte.com.edgekey.net.
wildcard.deloitte.com.edgekey.net. 295 IN CNAME	e7778.dsca.akamaiedge.net.
stagemyinsight.tax.deloitteonline.com. 60 IN CNAME stagemyinsight.azurefd.net.
stagemyinsight.azurefd.net. 30	IN	CNAME	star-azurefd-prod.trafficmanager.net.
star-azurefd-prod.trafficmanager.net. 60 IN CNAME dual.part-0030.t-0009.t-msedge.net.
dual.part-0030.t-0009.t-msedge.net. 60 IN CNAME	part-0030.t-0009.t-msedge.net.
stagermss.deloitteresources.com. 900 IN	CNAME	wildcard.deloitteresources.com.edgekey.net.
wildcard.deloitteresources.com.edgekey.net. 21600 IN CNAME e1705.dsca.akamaiedge.net.
stageta.tax.deloitteonline.com.	3600 IN	CNAME	san2.deloitte.edgekey.net.
san2.deloitte.edgekey.net. 21595 IN	CNAME	e4462.dscx.akamaiedge.net.
stageteam.tax.deloitteonline.com. 3600 IN CNAME	san2.deloitte.edgekey.net.
san2.deloitte.edgekey.net. 21595 IN	CNAME	e4462.dscx.akamaiedge.net.
static-sabacloud.deloitteresources.com.	3600 IN	CNAME wildcard.deloitteresources.com.edgekey.net.
wildcard.deloitteresources.com.edgekey.net. 21598 IN CNAME e1705.dsca.akamaiedge.net.
ta.tax.deloitteonline.com. 3600	IN	CNAME	san2.deloitte.edgekey.net.
san2.deloitte.edgekey.net. 21593 IN	CNAME	e4462.dscx.akamaiedge.net.
tax16.eu.deloitteonline.com. 900 IN	CNAME	san5.deloitte.edgekey.net.
san5.deloitte.edgekey.net. 21600 IN	CNAME	e33453.dsca.akamaiedge.net.
team.tax.deloitteonline.com. 3600 IN	CNAME	san2.deloitte.edgekey.net.
san2.deloitte.edgekey.net. 21592 IN	CNAME	e4462.dscx.akamaiedge.net.
templates.eu.deloitteonline.com. 900 IN	CNAME	san5.deloitte.edgekey.net.
san5.deloitte.edgekey.net. 21598 IN	CNAME	e33453.dsca.akamaiedge.net.
templates16.eu.deloitteonline.com. 900 IN CNAME	san5.deloitte.edgekey.net.
san5.deloitte.edgekey.net. 21598 IN	CNAME	e33453.dsca.akamaiedge.net.
totalmandasolution.deloitte.com. 3600 IN CNAME	wildcard.deloitte.com.edgekey.net.
wildcard.deloitte.com.edgekey.net. 289 IN CNAME	e7778.dsca.akamaiedge.net.
uatdccs.deloitteresources.com. 3600 IN	CNAME	uatdccs.deloitteresources.com.edgekey.net.
uatdccs.deloitteresources.com.edgekey.net. 21600 IN CNAME e1705.b.akamaiedge.net.
uatdrms.deloitteresources.com. 900 IN	CNAME	uatdrms.deloitteresources.com.edgekey.net.
uatdrms.deloitteresources.com.edgekey.net. 21600 IN CNAME e1705.dscx.akamaiedge.net.
uber.deloittedigital.com. 3600	IN	CNAME	san5.deloitte.edgekey.net.
san5.deloitte.edgekey.net. 21594 IN	CNAME	e33453.dsca.akamaiedge.net.
userfriendly.deloitte.com. 3600	IN	CNAME	wildcard.deloitte.com.edgekey.net.
wildcard.deloitte.com.edgekey.net. 278 IN CNAME	e7778.dsca.akamaiedge.net.
valued.deloitte.com.	3600	IN	CNAME	app0452-prod-valued-trafficmanager.trafficmanager.net.
www.atadata.com.	7199	IN	CNAME	san3.deloitte.edgekey.net.
san3.deloitte.edgekey.net. 300	IN	CNAME	e24131.dsca.akamaiedge.net.
www.avocats.deloitte.com. 3600	IN	CNAME	san7.deloitte.edgekey.net.
san7.deloitte.edgekey.net. 21600 IN	CNAME	e127708.dsca.akamaiedge.net.
www.businesschemistryblog.com. 1800 IN	CNAME	san3.deloitte.edgekey.net.
san3.deloitte.edgekey.net. 298	IN	CNAME	e24131.dsca.akamaiedge.net.
www.capitalhblog.deloitte.com. 900 IN	CNAME	san5.deloitte.edgekey.net.
san5.deloitte.edgekey.net. 21577 IN	CNAME	e33453.dsca.akamaiedge.net.
www.caseyquirk.biz.	7200	IN	CNAME	san3.deloitte.edgekey.net.
san3.deloitte.edgekey.net. 296	IN	CNAME	e24131.dsca.akamaiedge.net.
www.caseyquirk.co.	7200	IN	CNAME	san3.deloitte.edgekey.net.
san3.deloitte.edgekey.net. 296	IN	CNAME	e24131.dsca.akamaiedge.net.
www.caseyquirk.co.uk.	7200	IN	CNAME	san3.deloitte.edgekey.net.
san3.deloitte.edgekey.net. 295	IN	CNAME	e24131.dsca.akamaiedge.net.
www.caseyquirk.com.	7200	IN	CNAME	san3.deloitte.edgekey.net.
san3.deloitte.edgekey.net. 294	IN	CNAME	e24131.dsca.akamaiedge.net.
www.caseyquirk.info.	7200	IN	CNAME	san3.deloitte.edgekey.net.
san3.deloitte.edgekey.net. 293	IN	CNAME	e24131.dsca.akamaiedge.net.
www.caseyquirk.net.	7199	IN	CNAME	san3.deloitte.edgekey.net.
san3.deloitte.edgekey.net. 292	IN	CNAME	e24131.dsca.akamaiedge.net.
www.caseyquirk.us.	7200	IN	CNAME	san3.deloitte.edgekey.net.
san3.deloitte.edgekey.net. 292	IN	CNAME	e24131.dsca.akamaiedge.net.
www.corpgov.deloitte.com. 3600	IN	CNAME	san5.deloitte.edgekey.net.
san5.deloitte.edgekey.net. 21571 IN	CNAME	e33453.dsca.akamaiedge.net.
www.corpgov.deloitte.in. 7199	IN	CNAME	san3.deloitte.edgekey.net.
san3.deloitte.edgekey.net. 289	IN	CNAME	e24131.dsca.akamaiedge.net.
www.deloitte.in.	7200	IN	CNAME	san3.deloitte.edgekey.net.
san3.deloitte.edgekey.net. 285	IN	CNAME	e24131.dsca.akamaiedge.net.
www.deloittedigital.ca.	1800	IN	CNAME	san6.deloitte.edgekey.net.
san6.deloitte.edgekey.net. 21600 IN	CNAME	e26989.dsca.akamaiedge.net.
www.deloitteexperienceservices.com. 7200 IN CNAME san3.deloitte.edgekey.net.
san3.deloitte.edgekey.net. 278	IN	CNAME	e24131.dsca.akamaiedge.net.
www.deloitteinsights.com. 3600	IN	CNAME	san3.deloitte.edgekey.net.
san3.deloitte.edgekey.net. 277	IN	CNAME	e24131.dsca.akamaiedge.net.
www.deloittelegal.gr.	7200	IN	CNAME	san3.deloitte.edgekey.net.
san3.deloitte.edgekey.net. 276	IN	CNAME	e24131.dsca.akamaiedge.net.
www.deloitteprivate.co.nz. 3600	IN	CNAME	san3.deloitte.edgekey.net.
san3.deloitte.edgekey.net. 276	IN	CNAME	e24131.dsca.akamaiedge.net.
www.deloittetaxlaw.ca.	600	IN	CNAME	san3.deloitte.edgekey.net.
san3.deloitte.edgekey.net. 275	IN	CNAME	e24131.dsca.akamaiedge.net.
www.dupress.com.	7200	IN	CNAME	san3.deloitte.edgekey.net.
san3.deloitte.edgekey.net. 273	IN	CNAME	e24131.dsca.akamaiedge.net.
www.equationdelaconfiance.com. 3600 IN	CNAME	deloitte.france.redirects.edgekey.net.
deloitte.france.redirects.edgekey.net. 21600 IN	CNAME e127708.dsca.akamaiedge.net.
www.equation-de-la-confiance.com. 3600 IN CNAME	deloitte.france.redirects.edgekey.net.
deloitte.france.redirects.edgekey.net. 21599 IN	CNAME e127708.dsca.akamaiedge.net.
www.equationdelaconfiance.fr. 3600 IN	CNAME	deloitte.france.redirects.edgekey.net.
deloitte.france.redirects.edgekey.net. 21598 IN	CNAME e127708.dsca.akamaiedge.net.
www.equation-de-la-confiance.fr. 3600 IN CNAME	deloitte.france.redirects.edgekey.net.
deloitte.france.redirects.edgekey.net. 21597 IN	CNAME e127708.dsca.akamaiedge.net.
www.equationdelaconfiance.net. 3600 IN	CNAME	deloitte.france.redirects.edgekey.net.
deloitte.france.redirects.edgekey.net. 21596 IN	CNAME e127708.dsca.akamaiedge.net.
www.equation-de-la-confiance.net. 3600 IN CNAME	deloitte.france.redirects.edgekey.net.
deloitte.france.redirects.edgekey.net. 21596 IN	CNAME e127708.dsca.akamaiedge.net.
www.equationdelaconfiance.org. 3600 IN	CNAME	deloitte.france.redirects.edgekey.net.
deloitte.france.redirects.edgekey.net. 21595 IN	CNAME e127708.dsca.akamaiedge.net.
www.equation-de-la-confiance.org. 3600 IN CNAME	deloitte.france.redirects.edgekey.net.
deloitte.france.redirects.edgekey.net. 21594 IN	CNAME e127708.dsca.akamaiedge.net.
www.fast50.co.nz.	3600	IN	CNAME	san3.deloitte.edgekey.net.
san3.deloitte.edgekey.net. 266	IN	CNAME	e24131.dsca.akamaiedge.net.
www.health.deloitte.	1800	IN	CNAME	san5.deloitte.edgekey.net.
san5.deloitte.edgekey.net. 21545 IN	CNAME	e33453.dsca.akamaiedge.net.
www.healthcare.deloitte. 1800	IN	CNAME	san5.deloitte.edgekey.net.
san5.deloitte.edgekey.net. 21544 IN	CNAME	e33453.dsca.akamaiedge.net.
www.laga.be.		300	IN	CNAME	san5.deloitte.edgekey.net.
san5.deloitte.edgekey.net. 21542 IN	CNAME	e33453.dsca.akamaiedge.net.
www.nic.deloitte.	3600	IN	CNAME	san1.deloitte.edgekey.net.
san1.deloitte.edgekey.net. 230	IN	CNAME	e8943.dsca.akamaiedge.net.
www.premieralliance.com. 1799	IN	CNAME	san5.deloitte.edgekey.net.
san5.deloitte.edgekey.net. 21539 IN	CNAME	e33453.dsca.akamaiedge.net.
www.r00t9b.com.		1799	IN	CNAME	san5.deloitte.edgekey.net.
san5.deloitte.edgekey.net. 21538 IN	CNAME	e33453.dsca.akamaiedge.net.
www.r00t9b.dev.		1800	IN	CNAME	san5.deloitte.edgekey.net.
san5.deloitte.edgekey.net. 21537 IN	CNAME	e33453.dsca.akamaiedge.net.
www.r00t9b.io.		1800	IN	CNAME	san5.deloitte.edgekey.net.
san5.deloitte.edgekey.net. 21537 IN	CNAME	e33453.dsca.akamaiedge.net.
www.r9b.com.		1800	IN	CNAME	san5.deloitte.edgekey.net.
san5.deloitte.edgekey.net. 21536 IN	CNAME	e33453.dsca.akamaiedge.net.
www.r9b.dev.		1800	IN	CNAME	san5.deloitte.edgekey.net.
san5.deloitte.edgekey.net. 21535 IN	CNAME	e33453.dsca.akamaiedge.net.
www.r9b.io.		1800	IN	CNAME	san5.deloitte.edgekey.net.
san5.deloitte.edgekey.net. 21534 IN	CNAME	e33453.dsca.akamaiedge.net.
www.r9b.org.		1800	IN	CNAME	san5.deloitte.edgekey.net.
san5.deloitte.edgekey.net. 21533 IN	CNAME	e33453.dsca.akamaiedge.net.
www.regpulseblog.com.	7200	IN	CNAME	san3.deloitte.edgekey.net.
san3.deloitte.edgekey.net. 253	IN	CNAME	e24131.dsca.akamaiedge.net.
www.root9b.biz.		1800	IN	CNAME	san5.deloitte.edgekey.net.
san5.deloitte.edgekey.net. 21532 IN	CNAME	e33453.dsca.akamaiedge.net.
www.root9b.co.		1800	IN	CNAME	san5.deloitte.edgekey.net.
san5.deloitte.edgekey.net. 21531 IN	CNAME	e33453.dsca.akamaiedge.net.
www.root9b.co.in.	1800	IN	CNAME	san5.deloitte.edgekey.net.
san5.deloitte.edgekey.net. 21530 IN	CNAME	e33453.dsca.akamaiedge.net.
www.root9b.com.		1799	IN	CNAME	san5.deloitte.edgekey.net.
san5.deloitte.edgekey.net. 21529 IN	CNAME	e33453.dsca.akamaiedge.net.
www.root9b.com.cn.	1799	IN	CNAME	san5.deloitte.edgekey.net.
san5.deloitte.edgekey.net. 21528 IN	CNAME	e33453.dsca.akamaiedge.net.
www.root9b.dev.		1799	IN	CNAME	san5.deloitte.edgekey.net.
san5.deloitte.edgekey.net. 21527 IN	CNAME	e33453.dsca.akamaiedge.net.
www.root9b.in.		1800	IN	CNAME	san5.deloitte.edgekey.net.
san5.deloitte.edgekey.net. 21527 IN	CNAME	e33453.dsca.akamaiedge.net.
www.root9b.info.	1800	IN	CNAME	san5.deloitte.edgekey.net.
san5.deloitte.edgekey.net. 21526 IN	CNAME	e33453.dsca.akamaiedge.net.
www.root9b.io.		1800	IN	CNAME	san5.deloitte.edgekey.net.
san5.deloitte.edgekey.net. 21525 IN	CNAME	e33453.dsca.akamaiedge.net.
www.root9b.mobi.	1800	IN	CNAME	san5.deloitte.edgekey.net.
san5.deloitte.edgekey.net. 21524 IN	CNAME	e33453.dsca.akamaiedge.net.
www.root9b.net.		1800	IN	CNAME	san5.deloitte.edgekey.net.
san5.deloitte.edgekey.net. 21524 IN	CNAME	e33453.dsca.akamaiedge.net.
www.root9b.net.cn.	1800	IN	CNAME	san5.deloitte.edgekey.net.
san5.deloitte.edgekey.net. 21523 IN	CNAME	e33453.dsca.akamaiedge.net.
www.root9b.org.		1800	IN	CNAME	san5.deloitte.edgekey.net.
san5.deloitte.edgekey.net. 21522 IN	CNAME	e33453.dsca.akamaiedge.net.
www.root9b.org.cn.	1800	IN	CNAME	san5.deloitte.edgekey.net.
san5.deloitte.edgekey.net. 21521 IN	CNAME	e33453.dsca.akamaiedge.net.
www.root9b.us.		1799	IN	CNAME	san5.deloitte.edgekey.net.
san5.deloitte.edgekey.net. 21520 IN	CNAME	e33453.dsca.akamaiedge.net.
www.ubermind.com.	1800	IN	CNAME	san5.deloitte.edgekey.net.
san5.deloitte.edgekey.net. 21518 IN	CNAME	e33453.dsca.akamaiedge.net.
www.workforce.deloitte.	1800	IN	CNAME	san5.deloitte.edgekey.net.
san5.deloitte.edgekey.net. 21515 IN	CNAME	e33453.dsca.akamaiedge.net.
www2dev.deloitte.com.	3600	IN	CNAME	wildcard.deloitte.com.edgekey.net.
wildcard.deloitte.com.edgekey.net. 205 IN CNAME	e7778.dsca.akamaiedge.net.
wwwdev.deloitte.com.	3600	IN	CNAME	wildcard.deloitte.com.edgekey.net.
wildcard.deloitte.com.edgekey.net. 205 IN CNAME	e7778.dsca.akamaiedge.net.
wwwdev.deloittedigital.com. 1800 IN	CNAME	san3.deloitte.edgekey.net.
san3.deloitte.edgekey.net. 233	IN	CNAME	e24131.dsca.akamaiedge.net.
wwwqa.avocats.deloitte.com. 3600 IN	CNAME	san7.deloitte.edgekey.net.
san7.deloitte.edgekey.net. 21534 IN	CNAME	e127708.dsca.akamaiedge.net.
wwwqa.deloittelegal.gr.	7200	IN	CNAME	san3.deloitte.edgekey.net.
san3.deloitte.edgekey.net. 232	IN	CNAME	e24131.dsca.akamaiedge.net.
wwwqa.deloittetaxlaw.ca. 7200	IN	CNAME	san3.deloitte.edgekey.net.
san3.deloitte.edgekey.net. 231	IN	CNAME	e24131.dsca.akamaiedge.net.
wwwstage.avocats.deloitte.com. 3600 IN	CNAME	san7.deloitte.edgekey.net.
san7.deloitte.edgekey.net. 21532 IN	CNAME	e127708.dsca.akamaiedge.net.
wwwstage.deloittelegal.gr. 7200	IN	CNAME	san3.deloitte.edgekey.net.
san3.deloitte.edgekey.net. 231	IN	CNAME	e24131.dsca.akamaiedge.net.
wwwstage.deloittetaxlaw.ca. 7200 IN	CNAME	san3.deloitte.edgekey.net.
san3.deloitte.edgekey.net. 230	IN	CNAME	e24131.dsca.akamaiedge.net.
wwwstage.nic.deloitte.	3600	IN	CNAME	san1.deloitte.edgekey.net.
san1.deloitte.edgekey.net. 199	IN	CNAME	e8943.dsca.akamaiedge.net.
wwwstage.tohmatsu.com.	900	IN	CNAME	wwwstage.tohmatsu.com.edgekey.net.
wwwstage.tohmatsu.com.edgekey.net. 21600 IN CNAME e3202.b.akamaiedge.net.
